<?xml version="1.0" encoding="UTF-8"?>
<testsuite name="com.GpsUtil.GpsUtil.GpsUtilApplicationTests" tests="1" skipped="0" failures="0" errors="0" timestamp="2022-04-13T16:36:55" hostname="AirdeJacques2" time="0.623">
  <properties/>
  <testcase name="contextLoads()" classname="com.GpsUtil.GpsUtil.GpsUtilApplicationTests" time="0.623"/>
  <system-out><![CDATA[18:36:46.448 [Test worker] DEBUG org.springframework.test.context.BootstrapUtils - Instantiating CacheAwareContextLoaderDelegate from class [org.springframework.test.context.cache.DefaultCacheAwareContextLoaderDelegate]
18:36:46.472 [Test worker] DEBUG org.springframework.test.context.BootstrapUtils - Instantiating BootstrapContext using constructor [public org.springframework.test.context.support.DefaultBootstrapContext(java.lang.Class,org.springframework.test.context.CacheAwareContextLoaderDelegate)]
18:36:46.545 [Test worker] DEBUG org.springframework.test.context.BootstrapUtils - Instantiating TestContextBootstrapper for test class [com.GpsUtil.GpsUtil.GpsUtilApplicationTests] from class [org.springframework.boot.test.context.SpringBootTestContextBootstrapper]
18:36:46.575 [Test worker] INFO org.springframework.boot.test.context.SpringBootTestContextBootstrapper - Neither @ContextConfiguration nor @ContextHierarchy found for test class [com.GpsUtil.GpsUtil.GpsUtilApplicationTests], using SpringBootContextLoader
18:36:46.585 [Test worker] DEBUG org.springframework.test.context.support.AbstractContextLoader - Did not detect default resource location for test class [com.GpsUtil.GpsUtil.GpsUtilApplicationTests]: class path resource [com/GpsUtil/GpsUtil/GpsUtilApplicationTests-context.xml] does not exist
18:36:46.586 [Test worker] DEBUG org.springframework.test.context.support.AbstractContextLoader - Did not detect default resource location for test class [com.GpsUtil.GpsUtil.GpsUtilApplicationTests]: class path resource [com/GpsUtil/GpsUtil/GpsUtilApplicationTestsContext.groovy] does not exist
18:36:46.586 [Test worker] INFO org.springframework.test.context.support.AbstractContextLoader - Could not detect default resource locations for test class [com.GpsUtil.GpsUtil.GpsUtilApplicationTests]: no resource found for suffixes {-context.xml, Context.groovy}.
18:36:46.588 [Test worker] INFO org.springframework.test.context.support.AnnotationConfigContextLoaderUtils - Could not detect default configuration classes for test class [com.GpsUtil.GpsUtil.GpsUtilApplicationTests]: GpsUtilApplicationTests does not declare any static, non-private, non-final, nested classes annotated with @Configuration.
18:36:46.696 [Test worker] DEBUG org.springframework.test.context.support.ActiveProfilesUtils - Could not find an 'annotation declaring class' for annotation type [org.springframework.test.context.ActiveProfiles] and class [com.GpsUtil.GpsUtil.GpsUtilApplicationTests]
18:36:46.857 [Test worker] DEBUG org.springframework.context.annotation.ClassPathScanningCandidateComponentProvider - Identified candidate component class: file [/Users/jacquesgrellier/Desktop/Formation Développeur JAVA/Projet 8/GpsUtil/build/classes/java/main/com/GpsUtil/GpsUtil/GpsUtilApplication.class]
18:36:46.860 [Test worker] INFO org.springframework.boot.test.context.SpringBootTestContextBootstrapper - Found @SpringBootConfiguration com.GpsUtil.GpsUtil.GpsUtilApplication for test class com.GpsUtil.GpsUtil.GpsUtilApplicationTests
18:36:47.098 [Test worker] DEBUG org.springframework.boot.test.context.SpringBootTestContextBootstrapper - @TestExecutionListeners is not present for class [com.GpsUtil.GpsUtil.GpsUtilApplicationTests]: using defaults.
18:36:47.100 [Test worker] INFO org.springframework.boot.test.context.SpringBootTestContextBootstrapper - Loaded default TestExecutionListener class names from location [META-INF/spring.factories]: [org.springframework.boot.test.autoconfigure.restdocs.RestDocsTestExecutionListener, org.springframework.boot.test.autoconfigure.web.client.MockRestServiceServerResetTestExecutionListener, org.springframework.boot.test.autoconfigure.web.servlet.MockMvcPrintOnlyOnFailureTestExecutionListener, org.springframework.boot.test.autoconfigure.web.servlet.WebDriverTestExecutionListener, org.springframework.boot.test.autoconfigure.webservices.client.MockWebServiceServerTestExecutionListener, org.springframework.boot.test.mock.mockito.MockitoTestExecutionListener, org.springframework.boot.test.mock.mockito.ResetMocksTestExecutionListener, org.springframework.test.context.web.ServletTestExecutionListener, org.springframework.test.context.support.DirtiesContextBeforeModesTestExecutionListener, org.springframework.test.context.event.ApplicationEventsTestExecutionListener, org.springframework.test.context.support.DependencyInjectionTestExecutionListener, org.springframework.test.context.support.DirtiesContextTestExecutionListener, org.springframework.test.context.transaction.TransactionalTestExecutionListener, org.springframework.test.context.jdbc.SqlScriptsTestExecutionListener, org.springframework.test.context.event.EventPublishingTestExecutionListener]
18:36:47.135 [Test worker] DEBUG org.springframework.boot.test.context.SpringBootTestContextBootstrapper - Skipping candidate TestExecutionListener [org.springframework.test.context.transaction.TransactionalTestExecutionListener] due to a missing dependency. Specify custom listener classes or make the default listener classes and their required dependencies available. Offending class: [org/springframework/transaction/TransactionDefinition]
18:36:47.137 [Test worker] DEBUG org.springframework.boot.test.context.SpringBootTestContextBootstrapper - Skipping candidate TestExecutionListener [org.springframework.test.context.jdbc.SqlScriptsTestExecutionListener] due to a missing dependency. Specify custom listener classes or make the default listener classes and their required dependencies available. Offending class: [org/springframework/transaction/interceptor/TransactionAttribute]
18:36:47.138 [Test worker] INFO org.springframework.boot.test.context.SpringBootTestContextBootstrapper - Using TestExecutionListeners: [org.springframework.test.context.web.ServletTestExecutionListener@7582ff54, org.springframework.test.context.support.DirtiesContextBeforeModesTestExecutionListener@67545b57, org.springframework.test.context.event.ApplicationEventsTestExecutionListener@6c2c1385, org.springframework.boot.test.mock.mockito.MockitoTestExecutionListener@5f354bcf, org.springframework.boot.test.autoconfigure.SpringBootDependencyInjectionTestExecutionListener@3daf7722, org.springframework.test.context.support.DirtiesContextTestExecutionListener@78641d23, org.springframework.test.context.event.EventPublishingTestExecutionListener@74589991, org.springframework.boot.test.autoconfigure.restdocs.RestDocsTestExecutionListener@146dfe6, org.springframework.boot.test.autoconfigure.web.client.MockRestServiceServerResetTestExecutionListener@4716be8b, org.springframework.boot.test.autoconfigure.web.servlet.MockMvcPrintOnlyOnFailureTestExecutionListener@1fc32e4f, org.springframework.boot.test.autoconfigure.web.servlet.WebDriverTestExecutionListener@2f67b837, org.springframework.boot.test.autoconfigure.webservices.client.MockWebServiceServerTestExecutionListener@1869fbd2, org.springframework.boot.test.mock.mockito.ResetMocksTestExecutionListener@6af9fcb2]
18:36:47.152 [Test worker] DEBUG org.springframework.test.context.support.AbstractDirtiesContextTestExecutionListener - Before test class: context [DefaultTestContext@1c93f6e1 testClass = GpsUtilApplicationTests, testInstance = [null], testMethod = [null], testException = [null], mergedContextConfiguration = [WebMergedContextConfiguration@1800a575 testClass = GpsUtilApplicationTests, locations = '{}', classes = '{class com.GpsUtil.GpsUtil.GpsUtilApplication}', contextInitializerClasses = '[]', activeProfiles = '{}', propertySourceLocations = '{}', propertySourceProperties = '{org.springframework.boot.test.context.SpringBootTestContextBootstrapper=true}', contextCustomizers = set[org.springframework.boot.test.autoconfigure.actuate.metrics.MetricsExportContextCustomizerFactory$DisableMetricExportContextCustomizer@58cbafc2, org.springframework.boot.test.autoconfigure.properties.PropertyMappingContextCustomizer@0, org.springframework.boot.test.autoconfigure.web.servlet.WebDriverContextCustomizerFactory$Customizer@4a83a74a, org.springframework.boot.test.context.filter.ExcludeFilterContextCustomizer@d737b89, org.springframework.boot.test.json.DuplicateJsonObjectContextCustomizerFactory$DuplicateJsonObjectContextCustomizer@2d901eb0, org.springframework.boot.test.mock.mockito.MockitoContextCustomizer@0, org.springframework.boot.test.web.client.TestRestTemplateContextCustomizer@6fa51cd4, org.springframework.boot.test.context.SpringBootTestArgs@1, org.springframework.boot.test.context.SpringBootTestWebEnvironment@37918c79], resourceBasePath = 'src/main/webapp', contextLoader = 'org.springframework.boot.test.context.SpringBootContextLoader', parent = [null]], attributes = map['org.springframework.test.context.web.ServletTestExecutionListener.activateListener' -> true]], class annotated with @DirtiesContext [false] with mode [null].

  .   ____          _            __ _ _
 /\\ / ___'_ __ _ _(_)_ __  __ _ \ \ \ \
( ( )\___ | '_ | '_| | '_ \/ _` | \ \ \ \
 \\/  ___)| |_)| | | | | || (_| |  ) ) ) )
  '  |____| .__|_| |_|_| |_\__, | / / / /
 =========|_|==============|___/=/_/_/_/
 :: Spring Boot ::                (v2.6.5)

2022-04-13 18:36:47.988  INFO 22975 --- [    Test worker] c.G.GpsUtil.GpsUtilApplicationTests      : Starting GpsUtilApplicationTests using Java 1.8.0_302 on AirdeJacques2 with PID 22975 (started by jacquesgrellier in /Users/jacquesgrellier/Desktop/Formation Développeur JAVA/Projet 8/GpsUtil)
2022-04-13 18:36:47.991  INFO 22975 --- [    Test worker] c.G.GpsUtil.GpsUtilApplicationTests      : No active profile set, falling back to 1 default profile: "default"
2022-04-13 18:36:50.431  INFO 22975 --- [    Test worker] o.s.cloud.context.scope.GenericScope     : BeanFactory id=ce977f8b-d268-3f20-be42-46910c869231
2022-04-13 18:36:54.980  WARN 22975 --- [    Test worker] iguration$LoadBalancerCaffeineWarnLogger : Spring Cloud LoadBalancer is currently working with the default cache. While this cache implementation is useful for development and tests, it's recommended to use Caffeine cache in production.You can switch to using Caffeine cache, by adding it and org.springframework.cache.caffeine.CaffeineCacheManager to the classpath.
2022-04-13 18:36:55.068  INFO 22975 --- [    Test worker] o.s.b.a.e.web.EndpointLinksResolver      : Exposing 1 endpoint(s) beneath base path '/actuator'
2022-04-13 18:36:55.233  INFO 22975 --- [    Test worker] c.G.GpsUtil.GpsUtilApplicationTests      : Started GpsUtilApplicationTests in 7.966 seconds (JVM running for 10.522)
]]></system-out>
  <system-err><![CDATA[]]></system-err>
</testsuite>
