<?xml version="1.0" encoding="UTF-8"?>
<testsuite name="com.TripPricer.TripPricerApplicationTests" tests="1" skipped="0" failures="0" errors="0" timestamp="2022-04-12T14:13:55" hostname="AirdeJacques2" time="0.585">
  <properties/>
  <testcase name="contextLoads()" classname="com.TripPricer.TripPricerApplicationTests" time="0.585"/>
  <system-out><![CDATA[16:13:46.999 [Test worker] DEBUG org.springframework.test.context.BootstrapUtils - Instantiating CacheAwareContextLoaderDelegate from class [org.springframework.test.context.cache.DefaultCacheAwareContextLoaderDelegate]
16:13:47.020 [Test worker] DEBUG org.springframework.test.context.BootstrapUtils - Instantiating BootstrapContext using constructor [public org.springframework.test.context.support.DefaultBootstrapContext(java.lang.Class,org.springframework.test.context.CacheAwareContextLoaderDelegate)]
16:13:47.077 [Test worker] DEBUG org.springframework.test.context.BootstrapUtils - Instantiating TestContextBootstrapper for test class [com.TripPricer.TripPricerApplicationTests] from class [org.springframework.boot.test.context.SpringBootTestContextBootstrapper]
16:13:47.102 [Test worker] INFO org.springframework.boot.test.context.SpringBootTestContextBootstrapper - Neither @ContextConfiguration nor @ContextHierarchy found for test class [com.TripPricer.TripPricerApplicationTests], using SpringBootContextLoader
16:13:47.108 [Test worker] DEBUG org.springframework.test.context.support.AbstractContextLoader - Did not detect default resource location for test class [com.TripPricer.TripPricerApplicationTests]: class path resource [com/TripPricer/TripPricerApplicationTests-context.xml] does not exist
16:13:47.109 [Test worker] DEBUG org.springframework.test.context.support.AbstractContextLoader - Did not detect default resource location for test class [com.TripPricer.TripPricerApplicationTests]: class path resource [com/TripPricer/TripPricerApplicationTestsContext.groovy] does not exist
16:13:47.109 [Test worker] INFO org.springframework.test.context.support.AbstractContextLoader - Could not detect default resource locations for test class [com.TripPricer.TripPricerApplicationTests]: no resource found for suffixes {-context.xml, Context.groovy}.
16:13:47.111 [Test worker] INFO org.springframework.test.context.support.AnnotationConfigContextLoaderUtils - Could not detect default configuration classes for test class [com.TripPricer.TripPricerApplicationTests]: TripPricerApplicationTests does not declare any static, non-private, non-final, nested classes annotated with @Configuration.
16:13:47.215 [Test worker] DEBUG org.springframework.test.context.support.ActiveProfilesUtils - Could not find an 'annotation declaring class' for annotation type [org.springframework.test.context.ActiveProfiles] and class [com.TripPricer.TripPricerApplicationTests]
16:13:47.345 [Test worker] DEBUG org.springframework.context.annotation.ClassPathScanningCandidateComponentProvider - Identified candidate component class: file [/Users/jacquesgrellier/Desktop/Formation Développeur JAVA/Projet 8/TripPricer/build/classes/java/main/com/TripPricer/TripPricerApplication.class]
16:13:47.348 [Test worker] INFO org.springframework.boot.test.context.SpringBootTestContextBootstrapper - Found @SpringBootConfiguration com.TripPricer.TripPricerApplication for test class com.TripPricer.TripPricerApplicationTests
16:13:47.543 [Test worker] DEBUG org.springframework.boot.test.context.SpringBootTestContextBootstrapper - @TestExecutionListeners is not present for class [com.TripPricer.TripPricerApplicationTests]: using defaults.
16:13:47.544 [Test worker] INFO org.springframework.boot.test.context.SpringBootTestContextBootstrapper - Loaded default TestExecutionListener class names from location [META-INF/spring.factories]: [org.springframework.boot.test.autoconfigure.restdocs.RestDocsTestExecutionListener, org.springframework.boot.test.autoconfigure.web.client.MockRestServiceServerResetTestExecutionListener, org.springframework.boot.test.autoconfigure.web.servlet.MockMvcPrintOnlyOnFailureTestExecutionListener, org.springframework.boot.test.autoconfigure.web.servlet.WebDriverTestExecutionListener, org.springframework.boot.test.autoconfigure.webservices.client.MockWebServiceServerTestExecutionListener, org.springframework.boot.test.mock.mockito.MockitoTestExecutionListener, org.springframework.boot.test.mock.mockito.ResetMocksTestExecutionListener, org.springframework.test.context.web.ServletTestExecutionListener, org.springframework.test.context.support.DirtiesContextBeforeModesTestExecutionListener, org.springframework.test.context.event.ApplicationEventsTestExecutionListener, org.springframework.test.context.support.DependencyInjectionTestExecutionListener, org.springframework.test.context.support.DirtiesContextTestExecutionListener, org.springframework.test.context.transaction.TransactionalTestExecutionListener, org.springframework.test.context.jdbc.SqlScriptsTestExecutionListener, org.springframework.test.context.event.EventPublishingTestExecutionListener]
16:13:47.580 [Test worker] DEBUG org.springframework.boot.test.context.SpringBootTestContextBootstrapper - Skipping candidate TestExecutionListener [org.springframework.test.context.transaction.TransactionalTestExecutionListener] due to a missing dependency. Specify custom listener classes or make the default listener classes and their required dependencies available. Offending class: [org/springframework/transaction/TransactionDefinition]
16:13:47.582 [Test worker] DEBUG org.springframework.boot.test.context.SpringBootTestContextBootstrapper - Skipping candidate TestExecutionListener [org.springframework.test.context.jdbc.SqlScriptsTestExecutionListener] due to a missing dependency. Specify custom listener classes or make the default listener classes and their required dependencies available. Offending class: [org/springframework/transaction/interceptor/TransactionAttribute]
16:13:47.582 [Test worker] INFO org.springframework.boot.test.context.SpringBootTestContextBootstrapper - Using TestExecutionListeners: [org.springframework.test.context.web.ServletTestExecutionListener@7b205dbd, org.springframework.test.context.support.DirtiesContextBeforeModesTestExecutionListener@106cc338, org.springframework.test.context.event.ApplicationEventsTestExecutionListener@7a67e3c6, org.springframework.boot.test.mock.mockito.MockitoTestExecutionListener@6cc558c6, org.springframework.boot.test.autoconfigure.SpringBootDependencyInjectionTestExecutionListener@15713d56, org.springframework.test.context.support.DirtiesContextTestExecutionListener@63f259c3, org.springframework.test.context.event.EventPublishingTestExecutionListener@26ceffa8, org.springframework.boot.test.autoconfigure.restdocs.RestDocsTestExecutionListener@600b90df, org.springframework.boot.test.autoconfigure.web.client.MockRestServiceServerResetTestExecutionListener@7c8c9a05, org.springframework.boot.test.autoconfigure.web.servlet.MockMvcPrintOnlyOnFailureTestExecutionListener@d41f816, org.springframework.boot.test.autoconfigure.web.servlet.WebDriverTestExecutionListener@5c2375a9, org.springframework.boot.test.autoconfigure.webservices.client.MockWebServiceServerTestExecutionListener@60129b9a, org.springframework.boot.test.mock.mockito.ResetMocksTestExecutionListener@78d6692f]
16:13:47.593 [Test worker] DEBUG org.springframework.test.context.support.AbstractDirtiesContextTestExecutionListener - Before test class: context [DefaultTestContext@6af9fcb2 testClass = TripPricerApplicationTests, testInstance = [null], testMethod = [null], testException = [null], mergedContextConfiguration = [WebMergedContextConfiguration@6cce16f4 testClass = TripPricerApplicationTests, locations = '{}', classes = '{class com.TripPricer.TripPricerApplication}', contextInitializerClasses = '[]', activeProfiles = '{}', propertySourceLocations = '{}', propertySourceProperties = '{org.springframework.boot.test.context.SpringBootTestContextBootstrapper=true}', contextCustomizers = set[org.springframework.boot.test.autoconfigure.actuate.metrics.MetricsExportContextCustomizerFactory$DisableMetricExportContextCustomizer@74ea2410, org.springframework.boot.test.autoconfigure.properties.PropertyMappingContextCustomizer@0, org.springframework.boot.test.autoconfigure.web.servlet.WebDriverContextCustomizerFactory$Customizer@6bbe85a8, org.springframework.boot.test.context.filter.ExcludeFilterContextCustomizer@53fb3dab, org.springframework.boot.test.json.DuplicateJsonObjectContextCustomizerFactory$DuplicateJsonObjectContextCustomizer@712625fd, org.springframework.boot.test.mock.mockito.MockitoContextCustomizer@0, org.springframework.boot.test.web.client.TestRestTemplateContextCustomizer@7a35b0f5, org.springframework.boot.test.context.SpringBootTestArgs@1, org.springframework.boot.test.context.SpringBootTestWebEnvironment@60704c], resourceBasePath = 'src/main/webapp', contextLoader = 'org.springframework.boot.test.context.SpringBootContextLoader', parent = [null]], attributes = map['org.springframework.test.context.web.ServletTestExecutionListener.activateListener' -> true]], class annotated with @DirtiesContext [false] with mode [null].

  .   ____          _            __ _ _
 /\\ / ___'_ __ _ _(_)_ __  __ _ \ \ \ \
( ( )\___ | '_ | '_| | '_ \/ _` | \ \ \ \
 \\/  ___)| |_)| | | | | || (_| |  ) ) ) )
  '  |____| .__|_| |_|_| |_\__, | / / / /
 =========|_|==============|___/=/_/_/_/
 :: Spring Boot ::                (v2.6.5)

2022-04-12 16:13:48.428  INFO 84656 --- [    Test worker] c.TripPricer.TripPricerApplicationTests  : Starting TripPricerApplicationTests using Java 1.8.0_302 on AirdeJacques2 with PID 84656 (started by jacquesgrellier in /Users/jacquesgrellier/Desktop/Formation Développeur JAVA/Projet 8/TripPricer)
2022-04-12 16:13:48.431  INFO 84656 --- [    Test worker] c.TripPricer.TripPricerApplicationTests  : No active profile set, falling back to 1 default profile: "default"
2022-04-12 16:13:51.040  INFO 84656 --- [    Test worker] o.s.cloud.context.scope.GenericScope     : BeanFactory id=d1a77147-2d9a-3919-be41-8867315cbfb3
2022-04-12 16:13:54.790  INFO 84656 --- [    Test worker] o.s.b.a.e.web.EndpointLinksResolver      : Exposing 1 endpoint(s) beneath base path '/actuator'
2022-04-12 16:13:54.971  INFO 84656 --- [    Test worker] c.TripPricer.TripPricerApplicationTests  : Started TripPricerApplicationTests in 7.259 seconds (JVM running for 10.101)
]]></system-out>
  <system-err><![CDATA[]]></system-err>
</testsuite>
