<?xml version="1.0" encoding="UTF-8"?>
<testsuite name="tourGuide.beans.TestLocation" tests="1" skipped="0" failures="0" errors="0" timestamp="2022-04-26T09:35:37" hostname="AirdeJacques2" time="0.037">
  <properties/>
  <testcase name="equalsContract()" classname="tourGuide.beans.TestLocation" time="0.037"/>
  <system-out><![CDATA[2022-04-26 11:35:37.114  INFO 99911 --- [    Test worker] .b.t.c.SpringBootTestContextBootstrapper : Neither @ContextConfiguration nor @ContextHierarchy found for test class [tourGuide.beans.TestLocation], using SpringBootContextLoader
2022-04-26 11:35:37.118  INFO 99911 --- [    Test worker] o.s.t.c.support.AbstractContextLoader    : Could not detect default resource locations for test class [tourGuide.beans.TestLocation]: no resource found for suffixes {-context.xml, Context.groovy}.
2022-04-26 11:35:37.119  INFO 99911 --- [    Test worker] t.c.s.AnnotationConfigContextLoaderUtils : Could not detect default configuration classes for test class [tourGuide.beans.TestLocation]: TestLocation does not declare any static, non-private, non-final, nested classes annotated with @Configuration.
2022-04-26 11:35:37.126  INFO 99911 --- [    Test worker] .b.t.c.SpringBootTestContextBootstrapper : Found @SpringBootConfiguration tourGuide.Application for test class tourGuide.beans.TestLocation
2022-04-26 11:35:37.133  INFO 99911 --- [    Test worker] .b.t.c.SpringBootTestContextBootstrapper : Loaded default TestExecutionListener class names from location [META-INF/spring.factories]: [org.springframework.boot.test.autoconfigure.restdocs.RestDocsTestExecutionListener, org.springframework.boot.test.autoconfigure.web.client.MockRestServiceServerResetTestExecutionListener, org.springframework.boot.test.autoconfigure.web.servlet.MockMvcPrintOnlyOnFailureTestExecutionListener, org.springframework.boot.test.autoconfigure.web.servlet.WebDriverTestExecutionListener, org.springframework.boot.test.autoconfigure.webservices.client.MockWebServiceServerTestExecutionListener, org.springframework.boot.test.mock.mockito.MockitoTestExecutionListener, org.springframework.boot.test.mock.mockito.ResetMocksTestExecutionListener, org.springframework.test.context.web.ServletTestExecutionListener, org.springframework.test.context.support.DirtiesContextBeforeModesTestExecutionListener, org.springframework.test.context.event.ApplicationEventsTestExecutionListener, org.springframework.test.context.support.DependencyInjectionTestExecutionListener, org.springframework.test.context.support.DirtiesContextTestExecutionListener, org.springframework.test.context.transaction.TransactionalTestExecutionListener, org.springframework.test.context.jdbc.SqlScriptsTestExecutionListener, org.springframework.test.context.event.EventPublishingTestExecutionListener]
2022-04-26 11:35:37.136  INFO 99911 --- [    Test worker] .b.t.c.SpringBootTestContextBootstrapper : Using TestExecutionListeners: [org.springframework.test.context.web.ServletTestExecutionListener@77c668ea, org.springframework.test.context.support.DirtiesContextBeforeModesTestExecutionListener@6546f3f0, org.springframework.test.context.event.ApplicationEventsTestExecutionListener@6cbce551, org.springframework.boot.test.mock.mockito.MockitoTestExecutionListener@649ca10, org.springframework.boot.test.autoconfigure.SpringBootDependencyInjectionTestExecutionListener@420c730b, org.springframework.test.context.support.DirtiesContextTestExecutionListener@1007c1c9, org.springframework.test.context.event.EventPublishingTestExecutionListener@1b9a38f5, org.springframework.boot.test.autoconfigure.restdocs.RestDocsTestExecutionListener@53cb68dc, org.springframework.boot.test.autoconfigure.web.client.MockRestServiceServerResetTestExecutionListener@72fedd85, org.springframework.boot.test.autoconfigure.web.servlet.MockMvcPrintOnlyOnFailureTestExecutionListener@5cd9439a, org.springframework.boot.test.autoconfigure.web.servlet.WebDriverTestExecutionListener@164e9564, org.springframework.boot.test.autoconfigure.webservices.client.MockWebServiceServerTestExecutionListener@1ecb92f9, org.springframework.boot.test.mock.mockito.ResetMocksTestExecutionListener@1add7650]
]]></system-out>
  <system-err><![CDATA[]]></system-err>
</testsuite>
