<?xml version="1.0" encoding="UTF-8"?>
<testsuite name="tourGuide.service.TestRewardsService" tests="3" skipped="0" failures="0" errors="0" timestamp="2022-04-26T09:36:07" hostname="AirdeJacques2" time="16.447">
  <properties/>
  <testcase name="userGetRewards()" classname="tourGuide.service.TestRewardsService" time="0.108"/>
  <testcase name="isWithinAttractionProximity()" classname="tourGuide.service.TestRewardsService" time="0.029"/>
  <testcase name="nearAllAttractions()" classname="tourGuide.service.TestRewardsService" time="16.31"/>
  <system-out><![CDATA[2022-04-26 11:36:07.166  INFO 99911 --- [    Test worker] .b.t.c.SpringBootTestContextBootstrapper : Neither @ContextConfiguration nor @ContextHierarchy found for test class [tourGuide.service.TestRewardsService], using SpringBootContextLoader
2022-04-26 11:36:07.169  INFO 99911 --- [    Test worker] o.s.t.c.support.AbstractContextLoader    : Could not detect default resource locations for test class [tourGuide.service.TestRewardsService]: no resource found for suffixes {-context.xml, Context.groovy}.
2022-04-26 11:36:07.169  INFO 99911 --- [    Test worker] t.c.s.AnnotationConfigContextLoaderUtils : Could not detect default configuration classes for test class [tourGuide.service.TestRewardsService]: TestRewardsService does not declare any static, non-private, non-final, nested classes annotated with @Configuration.
2022-04-26 11:36:07.181  INFO 99911 --- [    Test worker] .b.t.c.SpringBootTestContextBootstrapper : Found @SpringBootConfiguration tourGuide.Application for test class tourGuide.service.TestRewardsService
2022-04-26 11:36:07.183  INFO 99911 --- [    Test worker] .b.t.c.SpringBootTestContextBootstrapper : Loaded default TestExecutionListener class names from location [META-INF/spring.factories]: [org.springframework.boot.test.autoconfigure.restdocs.RestDocsTestExecutionListener, org.springframework.boot.test.autoconfigure.web.client.MockRestServiceServerResetTestExecutionListener, org.springframework.boot.test.autoconfigure.web.servlet.MockMvcPrintOnlyOnFailureTestExecutionListener, org.springframework.boot.test.autoconfigure.web.servlet.WebDriverTestExecutionListener, org.springframework.boot.test.autoconfigure.webservices.client.MockWebServiceServerTestExecutionListener, org.springframework.boot.test.mock.mockito.MockitoTestExecutionListener, org.springframework.boot.test.mock.mockito.ResetMocksTestExecutionListener, org.springframework.test.context.web.ServletTestExecutionListener, org.springframework.test.context.support.DirtiesContextBeforeModesTestExecutionListener, org.springframework.test.context.event.ApplicationEventsTestExecutionListener, org.springframework.test.context.support.DependencyInjectionTestExecutionListener, org.springframework.test.context.support.DirtiesContextTestExecutionListener, org.springframework.test.context.transaction.TransactionalTestExecutionListener, org.springframework.test.context.jdbc.SqlScriptsTestExecutionListener, org.springframework.test.context.event.EventPublishingTestExecutionListener]
2022-04-26 11:36:07.186  INFO 99911 --- [    Test worker] .b.t.c.SpringBootTestContextBootstrapper : Using TestExecutionListeners: [org.springframework.test.context.web.ServletTestExecutionListener@3e32f0b2, org.springframework.test.context.support.DirtiesContextBeforeModesTestExecutionListener@35ebbbc7, org.springframework.test.context.event.ApplicationEventsTestExecutionListener@17ef75fd, org.springframework.boot.test.mock.mockito.MockitoTestExecutionListener@29defbb9, org.springframework.boot.test.autoconfigure.SpringBootDependencyInjectionTestExecutionListener@402950, org.springframework.test.context.support.DirtiesContextTestExecutionListener@689d9f1c, org.springframework.test.context.event.EventPublishingTestExecutionListener@4b15f6f, org.springframework.boot.test.autoconfigure.restdocs.RestDocsTestExecutionListener@5a6c7f73, org.springframework.boot.test.autoconfigure.web.client.MockRestServiceServerResetTestExecutionListener@5b67d7c7, org.springframework.boot.test.autoconfigure.web.servlet.MockMvcPrintOnlyOnFailureTestExecutionListener@5f06c6c8, org.springframework.boot.test.autoconfigure.web.servlet.WebDriverTestExecutionListener@5142a060, org.springframework.boot.test.autoconfigure.webservices.client.MockWebServiceServerTestExecutionListener@68ecdadc, org.springframework.boot.test.mock.mockito.ResetMocksTestExecutionListener@d50e1e9]
2022-04-26 11:36:07.333  INFO 99911 --- [    Test worker] tourGuide.service.TourGuideService       : TestMode enabled
2022-04-26 11:36:07.337 DEBUG 99911 --- [    Test worker] tourGuide.service.TourGuideService       : Initializing users
2022-04-26 11:36:07.338 DEBUG 99911 --- [    Test worker] tourGuide.service.TourGuideService       : Created 1 internal test users.
2022-04-26 11:36:07.338 DEBUG 99911 --- [    Test worker] tourGuide.service.TourGuideService       : Finished initializing users
2022-04-26 11:36:07.339  INFO 99911 --- [    Test worker] tourGuide.service.TourGuideService       : Get all users
2022-04-26 11:36:23.496  INFO 99911 --- [    Test worker] tourGuide.service.TourGuideService       : Get all users
]]></system-out>
  <system-err><![CDATA[]]></system-err>
</testsuite>
