<?xml version="1.0" encoding="UTF-8"?>
<testsuite name="tourGuide.service.TestRewardsService" tests="3" skipped="0" failures="0" errors="0" timestamp="2022-04-20T20:05:40" hostname="AirdeJacques2" time="13.595">
  <properties/>
  <testcase name="userGetRewards()" classname="tourGuide.service.TestRewardsService" time="0.708"/>
  <testcase name="isWithinAttractionProximity()" classname="tourGuide.service.TestRewardsService" time="0.044"/>
  <testcase name="nearAllAttractions()" classname="tourGuide.service.TestRewardsService" time="12.842"/>
  <system-out><![CDATA[2022-04-20 22:05:40.389  INFO 18376 --- [    Test worker] .b.t.c.SpringBootTestContextBootstrapper : Neither @ContextConfiguration nor @ContextHierarchy found for test class [tourGuide.service.TestRewardsService], using SpringBootContextLoader
2022-04-20 22:05:40.391  INFO 18376 --- [    Test worker] o.s.t.c.support.AbstractContextLoader    : Could not detect default resource locations for test class [tourGuide.service.TestRewardsService]: no resource found for suffixes {-context.xml, Context.groovy}.
2022-04-20 22:05:40.391  INFO 18376 --- [    Test worker] t.c.s.AnnotationConfigContextLoaderUtils : Could not detect default configuration classes for test class [tourGuide.service.TestRewardsService]: TestRewardsService does not declare any static, non-private, non-final, nested classes annotated with @Configuration.
2022-04-20 22:05:40.406  INFO 18376 --- [    Test worker] .b.t.c.SpringBootTestContextBootstrapper : Found @SpringBootConfiguration tourGuide.Application for test class tourGuide.service.TestRewardsService
2022-04-20 22:05:40.410  INFO 18376 --- [    Test worker] .b.t.c.SpringBootTestContextBootstrapper : Loaded default TestExecutionListener class names from location [META-INF/spring.factories]: [org.springframework.boot.test.autoconfigure.restdocs.RestDocsTestExecutionListener, org.springframework.boot.test.autoconfigure.web.client.MockRestServiceServerResetTestExecutionListener, org.springframework.boot.test.autoconfigure.web.servlet.MockMvcPrintOnlyOnFailureTestExecutionListener, org.springframework.boot.test.autoconfigure.web.servlet.WebDriverTestExecutionListener, org.springframework.boot.test.autoconfigure.webservices.client.MockWebServiceServerTestExecutionListener, org.springframework.boot.test.mock.mockito.MockitoTestExecutionListener, org.springframework.boot.test.mock.mockito.ResetMocksTestExecutionListener, org.springframework.test.context.web.ServletTestExecutionListener, org.springframework.test.context.support.DirtiesContextBeforeModesTestExecutionListener, org.springframework.test.context.event.ApplicationEventsTestExecutionListener, org.springframework.test.context.support.DependencyInjectionTestExecutionListener, org.springframework.test.context.support.DirtiesContextTestExecutionListener, org.springframework.test.context.transaction.TransactionalTestExecutionListener, org.springframework.test.context.jdbc.SqlScriptsTestExecutionListener, org.springframework.test.context.event.EventPublishingTestExecutionListener]
2022-04-20 22:05:40.419  INFO 18376 --- [    Test worker] .b.t.c.SpringBootTestContextBootstrapper : Using TestExecutionListeners: [org.springframework.test.context.web.ServletTestExecutionListener@4f24edf9, org.springframework.test.context.support.DirtiesContextBeforeModesTestExecutionListener@add929e, org.springframework.test.context.event.ApplicationEventsTestExecutionListener@1526cb86, org.springframework.boot.test.mock.mockito.MockitoTestExecutionListener@700cb93f, org.springframework.boot.test.autoconfigure.SpringBootDependencyInjectionTestExecutionListener@18afc9e2, org.springframework.test.context.support.DirtiesContextTestExecutionListener@7e00e10b, org.springframework.test.context.event.EventPublishingTestExecutionListener@5dd97fb6, org.springframework.boot.test.autoconfigure.restdocs.RestDocsTestExecutionListener@4889f073, org.springframework.boot.test.autoconfigure.web.client.MockRestServiceServerResetTestExecutionListener@2e0fd059, org.springframework.boot.test.autoconfigure.web.servlet.MockMvcPrintOnlyOnFailureTestExecutionListener@57fe742a, org.springframework.boot.test.autoconfigure.web.servlet.WebDriverTestExecutionListener@414c95ac, org.springframework.boot.test.autoconfigure.webservices.client.MockWebServiceServerTestExecutionListener@46c1ef9e, org.springframework.boot.test.mock.mockito.ResetMocksTestExecutionListener@169c7207]
2022-04-20 22:05:41.187  INFO 18376 --- [    Test worker] tourGuide.service.TourGuideService       : TestMode enabled
2022-04-20 22:05:41.188 DEBUG 18376 --- [    Test worker] tourGuide.service.TourGuideService       : Initializing users
2022-04-20 22:05:41.188 DEBUG 18376 --- [    Test worker] tourGuide.service.TourGuideService       : Created 1 internal test users.
2022-04-20 22:05:41.189 DEBUG 18376 --- [    Test worker] tourGuide.service.TourGuideService       : Finished initializing users
2022-04-20 22:05:41.189  INFO 18376 --- [    Test worker] tourGuide.service.TourGuideService       : Get all users
2022-04-20 22:05:53.997  INFO 18376 --- [    Test worker] tourGuide.service.TourGuideService       : Get all users
]]></system-out>
  <system-err><![CDATA[]]></system-err>
</testsuite>
