<?xml version="1.0" encoding="UTF-8"?>
<testsuite name="tourGuide.dto.TestNearByAttractionDTO" tests="1" skipped="0" failures="0" errors="0" timestamp="2022-04-26T09:36:02" hostname="AirdeJacques2" time="0.051">
  <properties/>
  <testcase name="equalsContract()" classname="tourGuide.dto.TestNearByAttractionDTO" time="0.051"/>
  <system-out><![CDATA[2022-04-26 11:36:02.102  INFO 99911 --- [    Test worker] .b.t.c.SpringBootTestContextBootstrapper : Neither @ContextConfiguration nor @ContextHierarchy found for test class [tourGuide.dto.TestNearByAttractionDTO], using SpringBootContextLoader
2022-04-26 11:36:02.104  INFO 99911 --- [    Test worker] o.s.t.c.support.AbstractContextLoader    : Could not detect default resource locations for test class [tourGuide.dto.TestNearByAttractionDTO]: no resource found for suffixes {-context.xml, Context.groovy}.
2022-04-26 11:36:02.105  INFO 99911 --- [    Test worker] t.c.s.AnnotationConfigContextLoaderUtils : Could not detect default configuration classes for test class [tourGuide.dto.TestNearByAttractionDTO]: TestNearByAttractionDTO does not declare any static, non-private, non-final, nested classes annotated with @Configuration.
2022-04-26 11:36:02.109  INFO 99911 --- [    Test worker] .b.t.c.SpringBootTestContextBootstrapper : Found @SpringBootConfiguration tourGuide.Application for test class tourGuide.dto.TestNearByAttractionDTO
2022-04-26 11:36:02.113  INFO 99911 --- [    Test worker] .b.t.c.SpringBootTestContextBootstrapper : Loaded default TestExecutionListener class names from location [META-INF/spring.factories]: [org.springframework.boot.test.autoconfigure.restdocs.RestDocsTestExecutionListener, org.springframework.boot.test.autoconfigure.web.client.MockRestServiceServerResetTestExecutionListener, org.springframework.boot.test.autoconfigure.web.servlet.MockMvcPrintOnlyOnFailureTestExecutionListener, org.springframework.boot.test.autoconfigure.web.servlet.WebDriverTestExecutionListener, org.springframework.boot.test.autoconfigure.webservices.client.MockWebServiceServerTestExecutionListener, org.springframework.boot.test.mock.mockito.MockitoTestExecutionListener, org.springframework.boot.test.mock.mockito.ResetMocksTestExecutionListener, org.springframework.test.context.web.ServletTestExecutionListener, org.springframework.test.context.support.DirtiesContextBeforeModesTestExecutionListener, org.springframework.test.context.event.ApplicationEventsTestExecutionListener, org.springframework.test.context.support.DependencyInjectionTestExecutionListener, org.springframework.test.context.support.DirtiesContextTestExecutionListener, org.springframework.test.context.transaction.TransactionalTestExecutionListener, org.springframework.test.context.jdbc.SqlScriptsTestExecutionListener, org.springframework.test.context.event.EventPublishingTestExecutionListener]
2022-04-26 11:36:02.115  INFO 99911 --- [    Test worker] .b.t.c.SpringBootTestContextBootstrapper : Using TestExecutionListeners: [org.springframework.test.context.web.ServletTestExecutionListener@47d91a2d, org.springframework.test.context.support.DirtiesContextBeforeModesTestExecutionListener@227a0c5a, org.springframework.test.context.event.ApplicationEventsTestExecutionListener@11a44b24, org.springframework.boot.test.mock.mockito.MockitoTestExecutionListener@147ee167, org.springframework.boot.test.autoconfigure.SpringBootDependencyInjectionTestExecutionListener@1b7999b7, org.springframework.test.context.support.DirtiesContextTestExecutionListener@69935e5e, org.springframework.test.context.event.EventPublishingTestExecutionListener@5addd523, org.springframework.boot.test.autoconfigure.restdocs.RestDocsTestExecutionListener@394b72c6, org.springframework.boot.test.autoconfigure.web.client.MockRestServiceServerResetTestExecutionListener@6e28f079, org.springframework.boot.test.autoconfigure.web.servlet.MockMvcPrintOnlyOnFailureTestExecutionListener@1d3a324c, org.springframework.boot.test.autoconfigure.web.servlet.WebDriverTestExecutionListener@29fa8805, org.springframework.boot.test.autoconfigure.webservices.client.MockWebServiceServerTestExecutionListener@4bc502be, org.springframework.boot.test.mock.mockito.ResetMocksTestExecutionListener@62479887]
]]></system-out>
  <system-err><![CDATA[]]></system-err>
</testsuite>
