<?xml version="1.0" encoding="UTF-8"?>
<testsuite name="tourGuide.controller.TestTourGuideController" tests="8" skipped="0" failures="0" errors="0" timestamp="2022-04-26T09:35:44" hostname="AirdeJacques2" time="17.613">
  <properties/>
  <testcase name="getUserPreferences()" classname="tourGuide.controller.TestTourGuideController" time="0.848"/>
  <testcase name="getTripDeals()" classname="tourGuide.controller.TestTourGuideController" time="1.894"/>
  <testcase name="getLocation()" classname="tourGuide.controller.TestTourGuideController" time="0.024"/>
  <testcase name="getAllCurrentLocations()" classname="tourGuide.controller.TestTourGuideController" time="0.023"/>
  <testcase name="index()" classname="tourGuide.controller.TestTourGuideController" time="0.017"/>
  <testcase name="updateUserPreferences()" classname="tourGuide.controller.TestTourGuideController" time="0.064"/>
  <testcase name="getNearbyAttractions()" classname="tourGuide.controller.TestTourGuideController" time="14.645"/>
  <testcase name="getRewards()" classname="tourGuide.controller.TestTourGuideController" time="0.039"/>
  <system-out><![CDATA[2022-04-26 11:35:37.360  INFO 99911 --- [    Test worker] .b.t.c.SpringBootTestContextBootstrapper : Neither @ContextConfiguration nor @ContextHierarchy found for test class [tourGuide.controller.TestTourGuideController], using SpringBootContextLoader
2022-04-26 11:35:37.363  INFO 99911 --- [    Test worker] o.s.t.c.support.AbstractContextLoader    : Could not detect default resource locations for test class [tourGuide.controller.TestTourGuideController]: no resource found for suffixes {-context.xml, Context.groovy}.
2022-04-26 11:35:37.363  INFO 99911 --- [    Test worker] t.c.s.AnnotationConfigContextLoaderUtils : Could not detect default configuration classes for test class [tourGuide.controller.TestTourGuideController]: TestTourGuideController does not declare any static, non-private, non-final, nested classes annotated with @Configuration.
2022-04-26 11:35:37.407  INFO 99911 --- [    Test worker] .b.t.c.SpringBootTestContextBootstrapper : Found @SpringBootConfiguration tourGuide.Application for test class tourGuide.controller.TestTourGuideController
2022-04-26 11:35:37.411  INFO 99911 --- [    Test worker] .b.t.c.SpringBootTestContextBootstrapper : Loaded default TestExecutionListener class names from location [META-INF/spring.factories]: [org.springframework.boot.test.autoconfigure.restdocs.RestDocsTestExecutionListener, org.springframework.boot.test.autoconfigure.web.client.MockRestServiceServerResetTestExecutionListener, org.springframework.boot.test.autoconfigure.web.servlet.MockMvcPrintOnlyOnFailureTestExecutionListener, org.springframework.boot.test.autoconfigure.web.servlet.WebDriverTestExecutionListener, org.springframework.boot.test.autoconfigure.webservices.client.MockWebServiceServerTestExecutionListener, org.springframework.boot.test.mock.mockito.MockitoTestExecutionListener, org.springframework.boot.test.mock.mockito.ResetMocksTestExecutionListener, org.springframework.test.context.web.ServletTestExecutionListener, org.springframework.test.context.support.DirtiesContextBeforeModesTestExecutionListener, org.springframework.test.context.event.ApplicationEventsTestExecutionListener, org.springframework.test.context.support.DependencyInjectionTestExecutionListener, org.springframework.test.context.support.DirtiesContextTestExecutionListener, org.springframework.test.context.transaction.TransactionalTestExecutionListener, org.springframework.test.context.jdbc.SqlScriptsTestExecutionListener, org.springframework.test.context.event.EventPublishingTestExecutionListener]
2022-04-26 11:35:37.415  INFO 99911 --- [    Test worker] .b.t.c.SpringBootTestContextBootstrapper : Using TestExecutionListeners: [org.springframework.test.context.web.ServletTestExecutionListener@7417b08f, org.springframework.test.context.support.DirtiesContextBeforeModesTestExecutionListener@7dbee2b6, org.springframework.test.context.event.ApplicationEventsTestExecutionListener@57bae294, org.springframework.boot.test.mock.mockito.MockitoTestExecutionListener@5b2027f8, org.springframework.boot.test.autoconfigure.SpringBootDependencyInjectionTestExecutionListener@127a77db, org.springframework.test.context.support.DirtiesContextTestExecutionListener@185b9c70, org.springframework.test.context.event.EventPublishingTestExecutionListener@187573ad, org.springframework.boot.test.autoconfigure.restdocs.RestDocsTestExecutionListener@423098bc, org.springframework.boot.test.autoconfigure.web.client.MockRestServiceServerResetTestExecutionListener@3b5eb8e, org.springframework.boot.test.autoconfigure.web.servlet.MockMvcPrintOnlyOnFailureTestExecutionListener@47c95f94, org.springframework.boot.test.autoconfigure.web.servlet.WebDriverTestExecutionListener@7412a4db, org.springframework.boot.test.autoconfigure.webservices.client.MockWebServiceServerTestExecutionListener@32a1279d, org.springframework.boot.test.mock.mockito.ResetMocksTestExecutionListener@1e6453dc]

  .   ____          _            __ _ _
 /\\ / ___'_ __ _ _(_)_ __  __ _ \ \ \ \
( ( )\___ | '_ | '_| | '_ \/ _` | \ \ \ \
 \\/  ___)| |_)| | | | | || (_| |  ) ) ) )
  '  |____| .__|_| |_|_| |_\__, | / / / /
 =========|_|==============|___/=/_/_/_/
 :: Spring Boot ::                (v2.6.5)

2022-04-26 11:35:37.591  INFO 99911 --- [    Test worker] t.controller.TestTourGuideController     : Starting TestTourGuideController using Java 1.8.0_302 on AirdeJacques2 with PID 99911 (started by jacquesgrellier in /Users/jacquesgrellier/Desktop/Formation Développeur JAVA/Projet 8/TourGuide)
2022-04-26 11:35:37.592 DEBUG 99911 --- [    Test worker] t.controller.TestTourGuideController     : Running with Spring Boot v2.6.5, Spring v5.3.17
2022-04-26 11:35:37.593  INFO 99911 --- [    Test worker] t.controller.TestTourGuideController     : No active profile set, falling back to 1 default profile: "default"
2022-04-26 11:35:38.734  INFO 99911 --- [    Test worker] o.s.cloud.context.scope.GenericScope     : BeanFactory id=7206cb09-2947-3c32-89c5-ddc646c2cd17
2022-04-26 11:35:39.801  INFO 99911 --- [    Test worker] tourGuide.service.TourGuideService       : TestMode enabled
2022-04-26 11:35:39.801 DEBUG 99911 --- [    Test worker] tourGuide.service.TourGuideService       : Initializing users
2022-04-26 11:35:39.803 DEBUG 99911 --- [    Test worker] tourGuide.service.TourGuideService       : Created 1 internal test users.
2022-04-26 11:35:39.803 DEBUG 99911 --- [    Test worker] tourGuide.service.TourGuideService       : Finished initializing users
2022-04-26 11:35:43.038  INFO 99911 --- [    Test worker] o.s.b.t.m.w.SpringBootMockServletContext : Initializing Spring TestDispatcherServlet ''
2022-04-26 11:35:43.040  INFO 99911 --- [    Test worker] o.s.t.web.servlet.TestDispatcherServlet  : Initializing Servlet ''
2022-04-26 11:35:43.154  INFO 99911 --- [    Test worker] o.s.b.a.e.web.EndpointLinksResolver      : Exposing 1 endpoint(s) beneath base path '/actuator'
2022-04-26 11:35:43.664  INFO 99911 --- [    Test worker] o.s.t.web.servlet.TestDispatcherServlet  : Completed initialization in 622 ms
2022-04-26 11:35:44.297  INFO 99911 --- [    Test worker] t.controller.TestTourGuideController     : Started TestTourGuideController in 6.864 seconds (JVM running for 25.651)
2022-04-26 11:35:44.339  INFO 99911 --- [    Test worker] o.s.b.t.m.w.SpringBootMockServletContext : Initializing Spring TestDispatcherServlet ''
2022-04-26 11:35:44.340  INFO 99911 --- [    Test worker] o.s.t.web.servlet.TestDispatcherServlet  : Initializing Servlet ''
2022-04-26 11:35:44.343  INFO 99911 --- [    Test worker] o.s.t.web.servlet.TestDispatcherServlet  : Completed initialization in 2 ms
2022-04-26 11:35:44.896  INFO 99911 --- [    Test worker] tourGuide.service.TourGuideService       : Get preferences of internalUser0
2022-04-26 11:35:44.899  INFO 99911 --- [    Test worker] tourGuide.service.TourGuideService       : Get the user : internalUser0
2022-04-26 11:35:45.228  INFO 99911 --- [    Test worker] o.s.b.t.m.w.SpringBootMockServletContext : Initializing Spring TestDispatcherServlet ''
2022-04-26 11:35:45.231  INFO 99911 --- [    Test worker] o.s.t.web.servlet.TestDispatcherServlet  : Initializing Servlet ''
2022-04-26 11:35:45.234  INFO 99911 --- [    Test worker] o.s.t.web.servlet.TestDispatcherServlet  : Completed initialization in 2 ms
2022-04-26 11:35:45.250  INFO 99911 --- [    Test worker] tourGuide.service.TourGuideService       : Get the user : internalUser0
2022-04-26 11:35:45.250  INFO 99911 --- [    Test worker] tourGuide.service.TourGuideService       : Get trip deals of internalUser0
2022-04-26 11:35:47.101  INFO 99911 --- [    Test worker] o.s.b.t.m.w.SpringBootMockServletContext : Initializing Spring TestDispatcherServlet ''
2022-04-26 11:35:47.101  INFO 99911 --- [    Test worker] o.s.t.web.servlet.TestDispatcherServlet  : Initializing Servlet ''
2022-04-26 11:35:47.103  INFO 99911 --- [    Test worker] o.s.t.web.servlet.TestDispatcherServlet  : Completed initialization in 1 ms
2022-04-26 11:35:47.110  INFO 99911 --- [    Test worker] tourGuide.service.TourGuideService       : Get the user : internalUser0
2022-04-26 11:35:47.111  INFO 99911 --- [    Test worker] tourGuide.service.TourGuideService       : Get the last visited location of internalUser0
2022-04-26 11:35:47.129  INFO 99911 --- [    Test worker] o.s.b.t.m.w.SpringBootMockServletContext : Initializing Spring TestDispatcherServlet ''
2022-04-26 11:35:47.129  INFO 99911 --- [    Test worker] o.s.t.web.servlet.TestDispatcherServlet  : Initializing Servlet ''
2022-04-26 11:35:47.131  INFO 99911 --- [    Test worker] o.s.t.web.servlet.TestDispatcherServlet  : Completed initialization in 1 ms
2022-04-26 11:35:47.133  INFO 99911 --- [    Test worker] tourGuide.service.TourGuideService       : Get all users
2022-04-26 11:35:47.135  INFO 99911 --- [    Test worker] tourGuide.service.TourGuideService       : Get the last visited location of internalUser0
2022-04-26 11:35:47.156  INFO 99911 --- [    Test worker] o.s.b.t.m.w.SpringBootMockServletContext : Initializing Spring TestDispatcherServlet ''
2022-04-26 11:35:47.156  INFO 99911 --- [    Test worker] o.s.t.web.servlet.TestDispatcherServlet  : Initializing Servlet ''
2022-04-26 11:35:47.158  INFO 99911 --- [    Test worker] o.s.t.web.servlet.TestDispatcherServlet  : Completed initialization in 2 ms
2022-04-26 11:35:47.176  INFO 99911 --- [    Test worker] o.s.b.t.m.w.SpringBootMockServletContext : Initializing Spring TestDispatcherServlet ''
2022-04-26 11:35:47.176  INFO 99911 --- [    Test worker] o.s.t.web.servlet.TestDispatcherServlet  : Initializing Servlet ''
2022-04-26 11:35:47.178  INFO 99911 --- [    Test worker] o.s.t.web.servlet.TestDispatcherServlet  : Completed initialization in 1 ms
2022-04-26 11:35:47.220  INFO 99911 --- [    Test worker] tourGuide.service.TourGuideService       : Update preferences of internalUser0
2022-04-26 11:35:47.221  INFO 99911 --- [    Test worker] tourGuide.service.TourGuideService       : Get the user : internalUser0
2022-04-26 11:35:47.223  INFO 99911 --- [    Test worker] tourGuide.service.TourGuideService       : Get preferences of internalUser0
2022-04-26 11:35:47.224  INFO 99911 --- [    Test worker] tourGuide.service.TourGuideService       : Get the user : internalUser0
2022-04-26 11:35:47.250  INFO 99911 --- [    Test worker] o.s.b.t.m.w.SpringBootMockServletContext : Initializing Spring TestDispatcherServlet ''
2022-04-26 11:35:47.250  INFO 99911 --- [    Test worker] o.s.t.web.servlet.TestDispatcherServlet  : Initializing Servlet ''
2022-04-26 11:35:47.253  INFO 99911 --- [    Test worker] o.s.t.web.servlet.TestDispatcherServlet  : Completed initialization in 3 ms
2022-04-26 11:35:47.262  INFO 99911 --- [    Test worker] tourGuide.service.TourGuideService       : Get the user : internalUser0
2022-04-26 11:35:47.262  INFO 99911 --- [    Test worker] tourGuide.service.TourGuideService       : Get the user : internalUser0
2022-04-26 11:35:47.263  INFO 99911 --- [    Test worker] tourGuide.service.TourGuideService       : Get the last visited location of internalUser0
2022-04-26 11:35:47.264  INFO 99911 --- [    Test worker] tourGuide.service.TourGuideService       : Get the 5 nearest attractions for internalUser0
2022-04-26 11:36:01.912  INFO 99911 --- [    Test worker] o.s.b.t.m.w.SpringBootMockServletContext : Initializing Spring TestDispatcherServlet ''
2022-04-26 11:36:01.919  INFO 99911 --- [    Test worker] o.s.t.web.servlet.TestDispatcherServlet  : Initializing Servlet ''
2022-04-26 11:36:01.922  INFO 99911 --- [    Test worker] o.s.t.web.servlet.TestDispatcherServlet  : Completed initialization in 3 ms
2022-04-26 11:36:01.932  INFO 99911 --- [    Test worker] tourGuide.service.TourGuideService       : Get the user : internalUser0
]]></system-out>
  <system-err><![CDATA[]]></system-err>
</testsuite>
