<?xml version="1.0" encoding="UTF-8"?>
<testsuite name="tourGuide.service.TestTourGuideService" tests="10" skipped="0" failures="0" errors="0" timestamp="2022-04-20T20:05:54" hostname="AirdeJacques2" time="14.047">
  <properties/>
  <testcase name="getUserLocation()" classname="tourGuide.service.TestTourGuideService" time="0.423"/>
  <testcase name="getUser()" classname="tourGuide.service.TestTourGuideService" time="0.045"/>
  <testcase name="addUser()" classname="tourGuide.service.TestTourGuideService" time="0.033"/>
  <testcase name="getAllUsers()" classname="tourGuide.service.TestTourGuideService" time="0.015"/>
  <testcase name="trackUserLocation()" classname="tourGuide.service.TestTourGuideService" time="0.109"/>
  <testcase name="getNearbyAttractions()" classname="tourGuide.service.TestTourGuideService" time="12.988"/>
  <testcase name="getTripDeals()" classname="tourGuide.service.TestTourGuideService" time="0.138"/>
  <testcase name="getAllCurrentLocations()" classname="tourGuide.service.TestTourGuideService" time="0.197"/>
  <testcase name="getUserPreferences()" classname="tourGuide.service.TestTourGuideService" time="0.054"/>
  <testcase name="updateUserPreferences()" classname="tourGuide.service.TestTourGuideService" time="0.019"/>
  <system-out><![CDATA[2022-04-20 22:05:54.049  INFO 18376 --- [    Test worker] .b.t.c.SpringBootTestContextBootstrapper : Neither @ContextConfiguration nor @ContextHierarchy found for test class [tourGuide.service.TestTourGuideService], using SpringBootContextLoader
2022-04-20 22:05:54.051  INFO 18376 --- [    Test worker] o.s.t.c.support.AbstractContextLoader    : Could not detect default resource locations for test class [tourGuide.service.TestTourGuideService]: no resource found for suffixes {-context.xml, Context.groovy}.
2022-04-20 22:05:54.051  INFO 18376 --- [    Test worker] t.c.s.AnnotationConfigContextLoaderUtils : Could not detect default configuration classes for test class [tourGuide.service.TestTourGuideService]: TestTourGuideService does not declare any static, non-private, non-final, nested classes annotated with @Configuration.
2022-04-20 22:05:54.054  INFO 18376 --- [    Test worker] .b.t.c.SpringBootTestContextBootstrapper : Found @SpringBootConfiguration tourGuide.Application for test class tourGuide.service.TestTourGuideService
2022-04-20 22:05:54.063  INFO 18376 --- [    Test worker] .b.t.c.SpringBootTestContextBootstrapper : Loaded default TestExecutionListener class names from location [META-INF/spring.factories]: [org.springframework.boot.test.autoconfigure.restdocs.RestDocsTestExecutionListener, org.springframework.boot.test.autoconfigure.web.client.MockRestServiceServerResetTestExecutionListener, org.springframework.boot.test.autoconfigure.web.servlet.MockMvcPrintOnlyOnFailureTestExecutionListener, org.springframework.boot.test.autoconfigure.web.servlet.WebDriverTestExecutionListener, org.springframework.boot.test.autoconfigure.webservices.client.MockWebServiceServerTestExecutionListener, org.springframework.boot.test.mock.mockito.MockitoTestExecutionListener, org.springframework.boot.test.mock.mockito.ResetMocksTestExecutionListener, org.springframework.test.context.web.ServletTestExecutionListener, org.springframework.test.context.support.DirtiesContextBeforeModesTestExecutionListener, org.springframework.test.context.event.ApplicationEventsTestExecutionListener, org.springframework.test.context.support.DependencyInjectionTestExecutionListener, org.springframework.test.context.support.DirtiesContextTestExecutionListener, org.springframework.test.context.transaction.TransactionalTestExecutionListener, org.springframework.test.context.jdbc.SqlScriptsTestExecutionListener, org.springframework.test.context.event.EventPublishingTestExecutionListener]
2022-04-20 22:05:54.067  INFO 18376 --- [    Test worker] .b.t.c.SpringBootTestContextBootstrapper : Using TestExecutionListeners: [org.springframework.test.context.web.ServletTestExecutionListener@5cc5ec4a, org.springframework.test.context.support.DirtiesContextBeforeModesTestExecutionListener@2499e4dd, org.springframework.test.context.event.ApplicationEventsTestExecutionListener@5b8caf1b, org.springframework.boot.test.mock.mockito.MockitoTestExecutionListener@d83969c, org.springframework.boot.test.autoconfigure.SpringBootDependencyInjectionTestExecutionListener@7e579cda, org.springframework.test.context.support.DirtiesContextTestExecutionListener@158330c1, org.springframework.test.context.event.EventPublishingTestExecutionListener@2b49a11d, org.springframework.boot.test.autoconfigure.restdocs.RestDocsTestExecutionListener@3aeff59e, org.springframework.boot.test.autoconfigure.web.client.MockRestServiceServerResetTestExecutionListener@781c0f55, org.springframework.boot.test.autoconfigure.web.servlet.MockMvcPrintOnlyOnFailureTestExecutionListener@74953daf, org.springframework.boot.test.autoconfigure.web.servlet.WebDriverTestExecutionListener@12322b69, org.springframework.boot.test.autoconfigure.webservices.client.MockWebServiceServerTestExecutionListener@57346fb4, org.springframework.boot.test.mock.mockito.ResetMocksTestExecutionListener@4fcaa4a0]
2022-04-20 22:05:54.076  INFO 18376 --- [    Test worker] tourGuide.service.TourGuideService       : TestMode enabled
2022-04-20 22:05:54.076 DEBUG 18376 --- [    Test worker] tourGuide.service.TourGuideService       : Initializing users
2022-04-20 22:05:54.077 DEBUG 18376 --- [    Test worker] tourGuide.service.TourGuideService       : Created 1 internal test users.
2022-04-20 22:05:54.077 DEBUG 18376 --- [    Test worker] tourGuide.service.TourGuideService       : Finished initializing users
2022-04-20 22:05:54.077  INFO 18376 --- [    Test worker] tourGuide.service.TourGuideService       : Get all users
2022-04-20 22:05:54.083  INFO 18376 --- [    Test worker] tourGuide.service.TourGuideService       : Get the last visited location of internalUser0
2022-04-20 22:05:54.511  INFO 18376 --- [    Test worker] tourGuide.service.TourGuideService       : Get the user : internalUser0
2022-04-20 22:05:54.566  INFO 18376 --- [    Test worker] tourGuide.service.TourGuideService       : Add user : Antoine
2022-04-20 22:05:54.566  INFO 18376 --- [    Test worker] tourGuide.service.TourGuideService       : Get all users
2022-04-20 22:05:54.594  INFO 18376 --- [    Test worker] tourGuide.service.TourGuideService       : Get all users
2022-04-20 22:05:54.611  INFO 18376 --- [    Test worker] tourGuide.service.TourGuideService       : Research the location of internalUser0
2022-04-20 22:05:54.716  INFO 18376 --- [    Test worker] tourGuide.service.TourGuideService       : Research the location of internalUser0
2022-04-20 22:05:54.759  INFO 18376 --- [    Test worker] tourGuide.service.TourGuideService       : Get the 5 nearest attractions for internalUser0
2022-04-20 22:06:07.707  INFO 18376 --- [    Test worker] tourGuide.service.TourGuideService       : Get trip deals of internalUser0
2022-04-20 22:06:07.856  INFO 18376 --- [    Test worker] tourGuide.service.TourGuideService       : Get all users
2022-04-20 22:06:07.857  INFO 18376 --- [    Test worker] tourGuide.service.TourGuideService       : Get the last visited location of Antoine
2022-04-20 22:06:07.857  INFO 18376 --- [    Test worker] tourGuide.service.TourGuideService       : Research the location of Antoine
2022-04-20 22:06:08.024  INFO 18376 --- [    Test worker] tourGuide.service.TourGuideService       : Get the last visited location of internalUser0
2022-04-20 22:06:08.069  INFO 18376 --- [    Test worker] tourGuide.service.TourGuideService       : Get preferences of internalUser0
2022-04-20 22:06:08.071  INFO 18376 --- [    Test worker] tourGuide.service.TourGuideService       : Get the user : internalUser0
2022-04-20 22:06:08.114  INFO 18376 --- [    Test worker] tourGuide.service.TourGuideService       : Update preferences of internalUser0
2022-04-20 22:06:08.115  INFO 18376 --- [    Test worker] tourGuide.service.TourGuideService       : Get the user : internalUser0
2022-04-20 22:06:08.117  INFO 18376 --- [    Test worker] tourGuide.service.TourGuideService       : Get preferences of internalUser0
2022-04-20 22:06:08.119  INFO 18376 --- [    Test worker] tourGuide.service.TourGuideService       : Get the user : internalUser0
]]></system-out>
  <system-err><![CDATA[]]></system-err>
</testsuite>
