<?xml version="1.0" encoding="UTF-8"?>
<testsuite name="tourGuide.beans.TestVisitedLocation" tests="1" skipped="0" failures="0" errors="0" timestamp="2022-04-26T09:35:37" hostname="AirdeJacques2" time="0.056">
  <properties/>
  <testcase name="equalsContract()" classname="tourGuide.beans.TestVisitedLocation" time="0.056"/>
  <system-out><![CDATA[2022-04-26 11:35:37.271  INFO 99911 --- [    Test worker] .b.t.c.SpringBootTestContextBootstrapper : Neither @ContextConfiguration nor @ContextHierarchy found for test class [tourGuide.beans.TestVisitedLocation], using SpringBootContextLoader
2022-04-26 11:35:37.275  INFO 99911 --- [    Test worker] o.s.t.c.support.AbstractContextLoader    : Could not detect default resource locations for test class [tourGuide.beans.TestVisitedLocation]: no resource found for suffixes {-context.xml, Context.groovy}.
2022-04-26 11:35:37.276  INFO 99911 --- [    Test worker] t.c.s.AnnotationConfigContextLoaderUtils : Could not detect default configuration classes for test class [tourGuide.beans.TestVisitedLocation]: TestVisitedLocation does not declare any static, non-private, non-final, nested classes annotated with @Configuration.
2022-04-26 11:35:37.278  INFO 99911 --- [    Test worker] .b.t.c.SpringBootTestContextBootstrapper : Found @SpringBootConfiguration tourGuide.Application for test class tourGuide.beans.TestVisitedLocation
2022-04-26 11:35:37.282  INFO 99911 --- [    Test worker] .b.t.c.SpringBootTestContextBootstrapper : Loaded default TestExecutionListener class names from location [META-INF/spring.factories]: [org.springframework.boot.test.autoconfigure.restdocs.RestDocsTestExecutionListener, org.springframework.boot.test.autoconfigure.web.client.MockRestServiceServerResetTestExecutionListener, org.springframework.boot.test.autoconfigure.web.servlet.MockMvcPrintOnlyOnFailureTestExecutionListener, org.springframework.boot.test.autoconfigure.web.servlet.WebDriverTestExecutionListener, org.springframework.boot.test.autoconfigure.webservices.client.MockWebServiceServerTestExecutionListener, org.springframework.boot.test.mock.mockito.MockitoTestExecutionListener, org.springframework.boot.test.mock.mockito.ResetMocksTestExecutionListener, org.springframework.test.context.web.ServletTestExecutionListener, org.springframework.test.context.support.DirtiesContextBeforeModesTestExecutionListener, org.springframework.test.context.event.ApplicationEventsTestExecutionListener, org.springframework.test.context.support.DependencyInjectionTestExecutionListener, org.springframework.test.context.support.DirtiesContextTestExecutionListener, org.springframework.test.context.transaction.TransactionalTestExecutionListener, org.springframework.test.context.jdbc.SqlScriptsTestExecutionListener, org.springframework.test.context.event.EventPublishingTestExecutionListener]
2022-04-26 11:35:37.287  INFO 99911 --- [    Test worker] .b.t.c.SpringBootTestContextBootstrapper : Using TestExecutionListeners: [org.springframework.test.context.web.ServletTestExecutionListener@3175b9e3, org.springframework.test.context.support.DirtiesContextBeforeModesTestExecutionListener@2bed7200, org.springframework.test.context.event.ApplicationEventsTestExecutionListener@408a8971, org.springframework.boot.test.mock.mockito.MockitoTestExecutionListener@1280281f, org.springframework.boot.test.autoconfigure.SpringBootDependencyInjectionTestExecutionListener@e26310d, org.springframework.test.context.support.DirtiesContextTestExecutionListener@4e9b3fbb, org.springframework.test.context.event.EventPublishingTestExecutionListener@5acee618, org.springframework.boot.test.autoconfigure.restdocs.RestDocsTestExecutionListener@491dfd8e, org.springframework.boot.test.autoconfigure.web.client.MockRestServiceServerResetTestExecutionListener@768c03f9, org.springframework.boot.test.autoconfigure.web.servlet.MockMvcPrintOnlyOnFailureTestExecutionListener@61fd8c74, org.springframework.boot.test.autoconfigure.web.servlet.WebDriverTestExecutionListener@4c2e5875, org.springframework.boot.test.autoconfigure.webservices.client.MockWebServiceServerTestExecutionListener@6a792df3, org.springframework.boot.test.mock.mockito.ResetMocksTestExecutionListener@7cfc688e]
]]></system-out>
  <system-err><![CDATA[]]></system-err>
</testsuite>
