<?xml version="1.0" encoding="UTF-8"?>
<testsuite name="tourGuide.beans.TestAttraction" tests="1" skipped="0" failures="0" errors="0" timestamp="2022-04-26T09:35:35" hostname="AirdeJacques2" time="1.356">
  <properties/>
  <testcase name="equalsContract()" classname="tourGuide.beans.TestAttraction" time="1.356"/>
  <system-out><![CDATA[11:35:22.375 [Test worker] DEBUG org.springframework.test.context.BootstrapUtils - Instantiating CacheAwareContextLoaderDelegate from class [org.springframework.test.context.cache.DefaultCacheAwareContextLoaderDelegate]
11:35:22.448 [Test worker] DEBUG org.springframework.test.context.BootstrapUtils - Instantiating BootstrapContext using constructor [public org.springframework.test.context.support.DefaultBootstrapContext(java.lang.Class,org.springframework.test.context.CacheAwareContextLoaderDelegate)]
11:35:22.633 [Test worker] DEBUG org.springframework.test.context.BootstrapUtils - Instantiating TestContextBootstrapper for test class [tourGuide.beans.TestAttraction] from class [org.springframework.boot.test.context.SpringBootTestContextBootstrapper]
11:35:22.703 [Test worker] INFO org.springframework.boot.test.context.SpringBootTestContextBootstrapper - Neither @ContextConfiguration nor @ContextHierarchy found for test class [tourGuide.beans.TestAttraction], using SpringBootContextLoader
11:35:22.749 [Test worker] DEBUG org.springframework.test.context.support.AbstractContextLoader - Did not detect default resource location for test class [tourGuide.beans.TestAttraction]: class path resource [tourGuide/beans/TestAttraction-context.xml] does not exist
11:35:22.753 [Test worker] DEBUG org.springframework.test.context.support.AbstractContextLoader - Did not detect default resource location for test class [tourGuide.beans.TestAttraction]: class path resource [tourGuide/beans/TestAttractionContext.groovy] does not exist
11:35:22.757 [Test worker] INFO org.springframework.test.context.support.AbstractContextLoader - Could not detect default resource locations for test class [tourGuide.beans.TestAttraction]: no resource found for suffixes {-context.xml, Context.groovy}.
11:35:22.770 [Test worker] INFO org.springframework.test.context.support.AnnotationConfigContextLoaderUtils - Could not detect default configuration classes for test class [tourGuide.beans.TestAttraction]: TestAttraction does not declare any static, non-private, non-final, nested classes annotated with @Configuration.
11:35:23.024 [Test worker] DEBUG org.springframework.test.context.support.ActiveProfilesUtils - Could not find an 'annotation declaring class' for annotation type [org.springframework.test.context.ActiveProfiles] and class [tourGuide.beans.TestAttraction]
11:35:23.351 [Test worker] DEBUG org.springframework.context.annotation.ClassPathScanningCandidateComponentProvider - Identified candidate component class: file [/Users/jacquesgrellier/Desktop/Formation Développeur JAVA/Projet 8/TourGuide/build/classes/java/main/tourGuide/Application.class]
11:35:23.355 [Test worker] INFO org.springframework.boot.test.context.SpringBootTestContextBootstrapper - Found @SpringBootConfiguration tourGuide.Application for test class tourGuide.beans.TestAttraction
11:35:24.041 [Test worker] DEBUG org.springframework.boot.test.context.SpringBootTestContextBootstrapper - @TestExecutionListeners is not present for class [tourGuide.beans.TestAttraction]: using defaults.
11:35:24.043 [Test worker] INFO org.springframework.boot.test.context.SpringBootTestContextBootstrapper - Loaded default TestExecutionListener class names from location [META-INF/spring.factories]: [org.springframework.boot.test.autoconfigure.restdocs.RestDocsTestExecutionListener, org.springframework.boot.test.autoconfigure.web.client.MockRestServiceServerResetTestExecutionListener, org.springframework.boot.test.autoconfigure.web.servlet.MockMvcPrintOnlyOnFailureTestExecutionListener, org.springframework.boot.test.autoconfigure.web.servlet.WebDriverTestExecutionListener, org.springframework.boot.test.autoconfigure.webservices.client.MockWebServiceServerTestExecutionListener, org.springframework.boot.test.mock.mockito.MockitoTestExecutionListener, org.springframework.boot.test.mock.mockito.ResetMocksTestExecutionListener, org.springframework.test.context.web.ServletTestExecutionListener, org.springframework.test.context.support.DirtiesContextBeforeModesTestExecutionListener, org.springframework.test.context.event.ApplicationEventsTestExecutionListener, org.springframework.test.context.support.DependencyInjectionTestExecutionListener, org.springframework.test.context.support.DirtiesContextTestExecutionListener, org.springframework.test.context.transaction.TransactionalTestExecutionListener, org.springframework.test.context.jdbc.SqlScriptsTestExecutionListener, org.springframework.test.context.event.EventPublishingTestExecutionListener]
11:35:24.098 [Test worker] DEBUG org.springframework.boot.test.context.SpringBootTestContextBootstrapper - Skipping candidate TestExecutionListener [org.springframework.test.context.transaction.TransactionalTestExecutionListener] due to a missing dependency. Specify custom listener classes or make the default listener classes and their required dependencies available. Offending class: [org/springframework/transaction/TransactionDefinition]
11:35:24.100 [Test worker] DEBUG org.springframework.boot.test.context.SpringBootTestContextBootstrapper - Skipping candidate TestExecutionListener [org.springframework.test.context.jdbc.SqlScriptsTestExecutionListener] due to a missing dependency. Specify custom listener classes or make the default listener classes and their required dependencies available. Offending class: [org/springframework/transaction/interceptor/TransactionAttribute]
11:35:24.101 [Test worker] INFO org.springframework.boot.test.context.SpringBootTestContextBootstrapper - Using TestExecutionListeners: [org.springframework.test.context.web.ServletTestExecutionListener@62de20d3, org.springframework.test.context.support.DirtiesContextBeforeModesTestExecutionListener@6109d880, org.springframework.test.context.event.ApplicationEventsTestExecutionListener@4c9ef9c9, org.springframework.boot.test.mock.mockito.MockitoTestExecutionListener@6f976c, org.springframework.boot.test.autoconfigure.SpringBootDependencyInjectionTestExecutionListener@1324e70a, org.springframework.test.context.support.DirtiesContextTestExecutionListener@3cc6f036, org.springframework.test.context.event.EventPublishingTestExecutionListener@72d16d6, org.springframework.boot.test.autoconfigure.restdocs.RestDocsTestExecutionListener@7b0525a8, org.springframework.boot.test.autoconfigure.web.client.MockRestServiceServerResetTestExecutionListener@4f2d8175, org.springframework.boot.test.autoconfigure.web.servlet.MockMvcPrintOnlyOnFailureTestExecutionListener@44618fe6, org.springframework.boot.test.autoconfigure.web.servlet.WebDriverTestExecutionListener@2b15ba1a, org.springframework.boot.test.autoconfigure.webservices.client.MockWebServiceServerTestExecutionListener@796fe2b5, org.springframework.boot.test.mock.mockito.ResetMocksTestExecutionListener@5a6af2c4]
11:35:24.120 [Test worker] DEBUG org.springframework.test.context.support.AbstractDirtiesContextTestExecutionListener - Before test class: context [DefaultTestContext@1554eaa4 testClass = TestAttraction, testInstance = [null], testMethod = [null], testException = [null], mergedContextConfiguration = [WebMergedContextConfiguration@b340615 testClass = TestAttraction, locations = '{}', classes = '{class tourGuide.Application}', contextInitializerClasses = '[]', activeProfiles = '{}', propertySourceLocations = '{}', propertySourceProperties = '{org.springframework.boot.test.context.SpringBootTestContextBootstrapper=true}', contextCustomizers = set[org.springframework.boot.test.autoconfigure.actuate.metrics.MetricsExportContextCustomizerFactory$DisableMetricExportContextCustomizer@2a0b901c, org.springframework.boot.test.autoconfigure.properties.PropertyMappingContextCustomizer@0, org.springframework.boot.test.autoconfigure.web.servlet.WebDriverContextCustomizerFactory$Customizer@2bd8f7db, org.springframework.boot.test.context.filter.ExcludeFilterContextCustomizer@53d6e959, org.springframework.boot.test.json.DuplicateJsonObjectContextCustomizerFactory$DuplicateJsonObjectContextCustomizer@22791b75, org.springframework.boot.test.mock.mockito.MockitoContextCustomizer@0, org.springframework.boot.test.web.client.TestRestTemplateContextCustomizer@46468f0, org.springframework.boot.test.context.SpringBootTestArgs@1, org.springframework.boot.test.context.SpringBootTestWebEnvironment@f14e5bf], resourceBasePath = 'src/main/webapp', contextLoader = 'org.springframework.boot.test.context.SpringBootContextLoader', parent = [null]], attributes = map['org.springframework.test.context.web.ServletTestExecutionListener.activateListener' -> true]], class annotated with @DirtiesContext [false] with mode [null].

  .   ____          _            __ _ _
 /\\ / ___'_ __ _ _(_)_ __  __ _ \ \ \ \
( ( )\___ | '_ | '_| | '_ \/ _` | \ \ \ \
 \\/  ___)| |_)| | | | | || (_| |  ) ) ) )
  '  |____| .__|_| |_|_| |_\__, | / / / /
 =========|_|==============|___/=/_/_/_/
 :: Spring Boot ::                (v2.6.5)

2022-04-26 11:35:26.067  INFO 99911 --- [    Test worker] tourGuide.beans.TestAttraction           : Starting TestAttraction using Java 1.8.0_302 on AirdeJacques2 with PID 99911 (started by jacquesgrellier in /Users/jacquesgrellier/Desktop/Formation Développeur JAVA/Projet 8/TourGuide)
2022-04-26 11:35:26.071 DEBUG 99911 --- [    Test worker] tourGuide.beans.TestAttraction           : Running with Spring Boot v2.6.5, Spring v5.3.17
2022-04-26 11:35:26.073  INFO 99911 --- [    Test worker] tourGuide.beans.TestAttraction           : No active profile set, falling back to 1 default profile: "default"
2022-04-26 11:35:30.233  INFO 99911 --- [    Test worker] o.s.cloud.context.scope.GenericScope     : BeanFactory id=5749b3f6-5170-3b04-8efb-247a648f665e
2022-04-26 11:35:32.163  INFO 99911 --- [    Test worker] tourGuide.service.TourGuideService       : TestMode enabled
2022-04-26 11:35:32.163 DEBUG 99911 --- [    Test worker] tourGuide.service.TourGuideService       : Initializing users
2022-04-26 11:35:32.249  INFO 99911 --- [    Test worker] o.j.m.DefaultMonetaryContextFactory      : Using custom MathContext: precision=256, roundingMode=HALF_EVEN
2022-04-26 11:35:32.313 DEBUG 99911 --- [    Test worker] tourGuide.service.TourGuideService       : Created 100 internal test users.
2022-04-26 11:35:32.314 DEBUG 99911 --- [    Test worker] tourGuide.service.TourGuideService       : Finished initializing users
2022-04-26 11:35:35.350  INFO 99911 --- [    Test worker] o.s.b.a.e.web.EndpointLinksResolver      : Exposing 1 endpoint(s) beneath base path '/actuator'
2022-04-26 11:35:35.557  INFO 99911 --- [    Test worker] tourGuide.beans.TestAttraction           : Started TestAttraction in 11.247 seconds (JVM running for 16.911)
]]></system-out>
  <system-err><![CDATA[]]></system-err>
</testsuite>
