<?xml version="1.0" encoding="UTF-8"?>
<testsuite name="tourGuide.TestRewardsService" tests="3" skipped="1" failures="0" errors="0" timestamp="2022-03-29T15:06:39" hostname="AirdeJacques2" time="1.092">
  <properties/>
  <testcase name="nearAllAttractions" classname="tourGuide.TestRewardsService" time="0.0">
    <skipped/>
  </testcase>
  <testcase name="userGetRewards" classname="tourGuide.TestRewardsService" time="1.074"/>
  <testcase name="isWithinAttractionProximity" classname="tourGuide.TestRewardsService" time="0.013"/>
  <system-out><![CDATA[17:06:39.507 [Test worker] INFO tourGuide.service.TourGuideService - TestMode enabled
17:06:39.528 [Test worker] DEBUG tourGuide.service.TourGuideService - Initializing users
17:06:39.544 [Test worker] DEBUG tourGuide.service.TourGuideService - Created 0 internal test users.
17:06:39.544 [Test worker] DEBUG tourGuide.service.TourGuideService - Finished initializing users
17:06:39.568 [pool-1-thread-1] DEBUG tourGuide.tracker.Tracker - Begin Tracker. Tracking 0 users.
17:06:39.570 [pool-1-thread-1] DEBUG tourGuide.tracker.Tracker - Tracker Time Elapsed: 0 seconds.
17:06:39.571 [pool-1-thread-1] DEBUG tourGuide.tracker.Tracker - Tracker sleeping
]]></system-out>
  <system-err><![CDATA[Mar 29, 2022 5:06:39 PM org.javamoney.moneta.DefaultMonetaryContextFactory createMonetaryContextNonNullConfig
INFO: Using custom MathContext: precision=256, roundingMode=HALF_EVEN
]]></system-err>
</testsuite>
