<?xml version="1.0" encoding="UTF-8"?>
<testsuite name="tourGuide.dto.TestAttractionDTO" tests="1" skipped="0" failures="0" errors="0" timestamp="2022-04-26T09:36:02" hostname="AirdeJacques2" time="0.08">
  <properties/>
  <testcase name="equalsContract()" classname="tourGuide.dto.TestAttractionDTO" time="0.08"/>
  <system-out><![CDATA[2022-04-26 11:36:01.965  INFO 99911 --- [    Test worker] .b.t.c.SpringBootTestContextBootstrapper : Neither @ContextConfiguration nor @ContextHierarchy found for test class [tourGuide.dto.TestAttractionDTO], using SpringBootContextLoader
2022-04-26 11:36:01.970  INFO 99911 --- [    Test worker] o.s.t.c.support.AbstractContextLoader    : Could not detect default resource locations for test class [tourGuide.dto.TestAttractionDTO]: no resource found for suffixes {-context.xml, Context.groovy}.
2022-04-26 11:36:01.971  INFO 99911 --- [    Test worker] t.c.s.AnnotationConfigContextLoaderUtils : Could not detect default configuration classes for test class [tourGuide.dto.TestAttractionDTO]: TestAttractionDTO does not declare any static, non-private, non-final, nested classes annotated with @Configuration.
2022-04-26 11:36:01.995  INFO 99911 --- [    Test worker] .b.t.c.SpringBootTestContextBootstrapper : Found @SpringBootConfiguration tourGuide.Application for test class tourGuide.dto.TestAttractionDTO
2022-04-26 11:36:02.002  INFO 99911 --- [    Test worker] .b.t.c.SpringBootTestContextBootstrapper : Loaded default TestExecutionListener class names from location [META-INF/spring.factories]: [org.springframework.boot.test.autoconfigure.restdocs.RestDocsTestExecutionListener, org.springframework.boot.test.autoconfigure.web.client.MockRestServiceServerResetTestExecutionListener, org.springframework.boot.test.autoconfigure.web.servlet.MockMvcPrintOnlyOnFailureTestExecutionListener, org.springframework.boot.test.autoconfigure.web.servlet.WebDriverTestExecutionListener, org.springframework.boot.test.autoconfigure.webservices.client.MockWebServiceServerTestExecutionListener, org.springframework.boot.test.mock.mockito.MockitoTestExecutionListener, org.springframework.boot.test.mock.mockito.ResetMocksTestExecutionListener, org.springframework.test.context.web.ServletTestExecutionListener, org.springframework.test.context.support.DirtiesContextBeforeModesTestExecutionListener, org.springframework.test.context.event.ApplicationEventsTestExecutionListener, org.springframework.test.context.support.DependencyInjectionTestExecutionListener, org.springframework.test.context.support.DirtiesContextTestExecutionListener, org.springframework.test.context.transaction.TransactionalTestExecutionListener, org.springframework.test.context.jdbc.SqlScriptsTestExecutionListener, org.springframework.test.context.event.EventPublishingTestExecutionListener]
2022-04-26 11:36:02.011  INFO 99911 --- [    Test worker] .b.t.c.SpringBootTestContextBootstrapper : Using TestExecutionListeners: [org.springframework.test.context.web.ServletTestExecutionListener@3cecd23a, org.springframework.test.context.support.DirtiesContextBeforeModesTestExecutionListener@3829040, org.springframework.test.context.event.ApplicationEventsTestExecutionListener@2012d857, org.springframework.boot.test.mock.mockito.MockitoTestExecutionListener@23c016e6, org.springframework.boot.test.autoconfigure.SpringBootDependencyInjectionTestExecutionListener@79e77da6, org.springframework.test.context.support.DirtiesContextTestExecutionListener@6ef0f24a, org.springframework.test.context.event.EventPublishingTestExecutionListener@58165fa3, org.springframework.boot.test.autoconfigure.restdocs.RestDocsTestExecutionListener@7bc21561, org.springframework.boot.test.autoconfigure.web.client.MockRestServiceServerResetTestExecutionListener@390a5df2, org.springframework.boot.test.autoconfigure.web.servlet.MockMvcPrintOnlyOnFailureTestExecutionListener@50018a3b, org.springframework.boot.test.autoconfigure.web.servlet.WebDriverTestExecutionListener@3a803cdf, org.springframework.boot.test.autoconfigure.webservices.client.MockWebServiceServerTestExecutionListener@51825ff3, org.springframework.boot.test.mock.mockito.ResetMocksTestExecutionListener@3a8c6dfc]
]]></system-out>
  <system-err><![CDATA[]]></system-err>
</testsuite>
