<?xml version="1.0" encoding="UTF-8"?>
<testsuite name="tourGuide.dto.TestUSerPreferencesDTO" tests="1" skipped="0" failures="0" errors="0" timestamp="2022-04-26T09:36:02" hostname="AirdeJacques2" time="0.916">
  <properties/>
  <testcase name="equalsContract()" classname="tourGuide.dto.TestUSerPreferencesDTO" time="0.916"/>
  <system-out><![CDATA[2022-04-26 11:36:02.178  INFO 99911 --- [    Test worker] .b.t.c.SpringBootTestContextBootstrapper : Neither @ContextConfiguration nor @ContextHierarchy found for test class [tourGuide.dto.TestUSerPreferencesDTO], using SpringBootContextLoader
2022-04-26 11:36:02.180  INFO 99911 --- [    Test worker] o.s.t.c.support.AbstractContextLoader    : Could not detect default resource locations for test class [tourGuide.dto.TestUSerPreferencesDTO]: no resource found for suffixes {-context.xml, Context.groovy}.
2022-04-26 11:36:02.180  INFO 99911 --- [    Test worker] t.c.s.AnnotationConfigContextLoaderUtils : Could not detect default configuration classes for test class [tourGuide.dto.TestUSerPreferencesDTO]: TestUSerPreferencesDTO does not declare any static, non-private, non-final, nested classes annotated with @Configuration.
2022-04-26 11:36:02.183  INFO 99911 --- [    Test worker] .b.t.c.SpringBootTestContextBootstrapper : Found @SpringBootConfiguration tourGuide.Application for test class tourGuide.dto.TestUSerPreferencesDTO
2022-04-26 11:36:02.186  INFO 99911 --- [    Test worker] .b.t.c.SpringBootTestContextBootstrapper : Loaded default TestExecutionListener class names from location [META-INF/spring.factories]: [org.springframework.boot.test.autoconfigure.restdocs.RestDocsTestExecutionListener, org.springframework.boot.test.autoconfigure.web.client.MockRestServiceServerResetTestExecutionListener, org.springframework.boot.test.autoconfigure.web.servlet.MockMvcPrintOnlyOnFailureTestExecutionListener, org.springframework.boot.test.autoconfigure.web.servlet.WebDriverTestExecutionListener, org.springframework.boot.test.autoconfigure.webservices.client.MockWebServiceServerTestExecutionListener, org.springframework.boot.test.mock.mockito.MockitoTestExecutionListener, org.springframework.boot.test.mock.mockito.ResetMocksTestExecutionListener, org.springframework.test.context.web.ServletTestExecutionListener, org.springframework.test.context.support.DirtiesContextBeforeModesTestExecutionListener, org.springframework.test.context.event.ApplicationEventsTestExecutionListener, org.springframework.test.context.support.DependencyInjectionTestExecutionListener, org.springframework.test.context.support.DirtiesContextTestExecutionListener, org.springframework.test.context.transaction.TransactionalTestExecutionListener, org.springframework.test.context.jdbc.SqlScriptsTestExecutionListener, org.springframework.test.context.event.EventPublishingTestExecutionListener]
2022-04-26 11:36:02.189  INFO 99911 --- [    Test worker] .b.t.c.SpringBootTestContextBootstrapper : Using TestExecutionListeners: [org.springframework.test.context.web.ServletTestExecutionListener@43c98562, org.springframework.test.context.support.DirtiesContextBeforeModesTestExecutionListener@4121cb14, org.springframework.test.context.event.ApplicationEventsTestExecutionListener@49f4047b, org.springframework.boot.test.mock.mockito.MockitoTestExecutionListener@11af522d, org.springframework.boot.test.autoconfigure.SpringBootDependencyInjectionTestExecutionListener@1e4227ef, org.springframework.test.context.support.DirtiesContextTestExecutionListener@51743658, org.springframework.test.context.event.EventPublishingTestExecutionListener@38ca37d1, org.springframework.boot.test.autoconfigure.restdocs.RestDocsTestExecutionListener@539f34df, org.springframework.boot.test.autoconfigure.web.client.MockRestServiceServerResetTestExecutionListener@5ced1c1c, org.springframework.boot.test.autoconfigure.web.servlet.MockMvcPrintOnlyOnFailureTestExecutionListener@2cdb272f, org.springframework.boot.test.autoconfigure.web.servlet.WebDriverTestExecutionListener@45c6f9da, org.springframework.boot.test.autoconfigure.webservices.client.MockWebServiceServerTestExecutionListener@6f551471, org.springframework.boot.test.mock.mockito.ResetMocksTestExecutionListener@5b6ce87b]
]]></system-out>
  <system-err><![CDATA[]]></system-err>
</testsuite>
