<?xml version="1.0" encoding="UTF-8"?>
<testsuite name="tourGuide.beans.TestProvider" tests="1" skipped="0" failures="0" errors="0" timestamp="2022-04-26T09:35:37" hostname="AirdeJacques2" time="0.063">
  <properties/>
  <testcase name="equalsContract()" classname="tourGuide.beans.TestProvider" time="0.063"/>
  <system-out><![CDATA[2022-04-26 11:35:37.186  INFO 99911 --- [    Test worker] .b.t.c.SpringBootTestContextBootstrapper : Neither @ContextConfiguration nor @ContextHierarchy found for test class [tourGuide.beans.TestProvider], using SpringBootContextLoader
2022-04-26 11:35:37.187  INFO 99911 --- [    Test worker] o.s.t.c.support.AbstractContextLoader    : Could not detect default resource locations for test class [tourGuide.beans.TestProvider]: no resource found for suffixes {-context.xml, Context.groovy}.
2022-04-26 11:35:37.188  INFO 99911 --- [    Test worker] t.c.s.AnnotationConfigContextLoaderUtils : Could not detect default configuration classes for test class [tourGuide.beans.TestProvider]: TestProvider does not declare any static, non-private, non-final, nested classes annotated with @Configuration.
2022-04-26 11:35:37.191  INFO 99911 --- [    Test worker] .b.t.c.SpringBootTestContextBootstrapper : Found @SpringBootConfiguration tourGuide.Application for test class tourGuide.beans.TestProvider
2022-04-26 11:35:37.195  INFO 99911 --- [    Test worker] .b.t.c.SpringBootTestContextBootstrapper : Loaded default TestExecutionListener class names from location [META-INF/spring.factories]: [org.springframework.boot.test.autoconfigure.restdocs.RestDocsTestExecutionListener, org.springframework.boot.test.autoconfigure.web.client.MockRestServiceServerResetTestExecutionListener, org.springframework.boot.test.autoconfigure.web.servlet.MockMvcPrintOnlyOnFailureTestExecutionListener, org.springframework.boot.test.autoconfigure.web.servlet.WebDriverTestExecutionListener, org.springframework.boot.test.autoconfigure.webservices.client.MockWebServiceServerTestExecutionListener, org.springframework.boot.test.mock.mockito.MockitoTestExecutionListener, org.springframework.boot.test.mock.mockito.ResetMocksTestExecutionListener, org.springframework.test.context.web.ServletTestExecutionListener, org.springframework.test.context.support.DirtiesContextBeforeModesTestExecutionListener, org.springframework.test.context.event.ApplicationEventsTestExecutionListener, org.springframework.test.context.support.DependencyInjectionTestExecutionListener, org.springframework.test.context.support.DirtiesContextTestExecutionListener, org.springframework.test.context.transaction.TransactionalTestExecutionListener, org.springframework.test.context.jdbc.SqlScriptsTestExecutionListener, org.springframework.test.context.event.EventPublishingTestExecutionListener]
2022-04-26 11:35:37.198  INFO 99911 --- [    Test worker] .b.t.c.SpringBootTestContextBootstrapper : Using TestExecutionListeners: [org.springframework.test.context.web.ServletTestExecutionListener@2062db84, org.springframework.test.context.support.DirtiesContextBeforeModesTestExecutionListener@55c3638, org.springframework.test.context.event.ApplicationEventsTestExecutionListener@129501ca, org.springframework.boot.test.mock.mockito.MockitoTestExecutionListener@2667c9, org.springframework.boot.test.autoconfigure.SpringBootDependencyInjectionTestExecutionListener@362e32b2, org.springframework.test.context.support.DirtiesContextTestExecutionListener@52a72fb9, org.springframework.test.context.event.EventPublishingTestExecutionListener@6886ef76, org.springframework.boot.test.autoconfigure.restdocs.RestDocsTestExecutionListener@5b2dc580, org.springframework.boot.test.autoconfigure.web.client.MockRestServiceServerResetTestExecutionListener@1cd1d7f5, org.springframework.boot.test.autoconfigure.web.servlet.MockMvcPrintOnlyOnFailureTestExecutionListener@7760e931, org.springframework.boot.test.autoconfigure.web.servlet.WebDriverTestExecutionListener@284245f4, org.springframework.boot.test.autoconfigure.webservices.client.MockWebServiceServerTestExecutionListener@1d7694b9, org.springframework.boot.test.mock.mockito.ResetMocksTestExecutionListener@f8a969d]
]]></system-out>
  <system-err><![CDATA[]]></system-err>
</testsuite>
