<?xml version="1.0" encoding="UTF-8"?>
<testsuite name="tourGuide.TestPerformance" tests="2" skipped="0" failures="0" errors="0" timestamp="2022-03-29T15:32:35" hostname="AirdeJacques2" time="721.203">
  <properties/>
  <testcase name="highVolumeTrackLocation" classname="tourGuide.TestPerformance" time="202.242"/>
  <testcase name="highVolumeGetRewards" classname="tourGuide.TestPerformance" time="518.96"/>
  <system-out><![CDATA[17:32:35.785 [Test worker] INFO tourGuide.service.TourGuideService - TestMode enabled
17:32:35.804 [Test worker] DEBUG tourGuide.service.TourGuideService - Initializing users
17:32:38.496 [Test worker] DEBUG tourGuide.service.TourGuideService - Created 100000 internal test users.
17:32:38.497 [Test worker] DEBUG tourGuide.service.TourGuideService - Finished initializing users
17:32:38.515 [pool-1-thread-1] DEBUG tourGuide.tracker.Tracker - Tracker stopping
17:32:38.559 [Test worker] INFO tourGuide.service.TourGuideService - Multithreading trackSeveralUserLocation begins
17:34:17.797 [Test worker] INFO tourGuide.service.RewardsService - Multithreading calculateSeveralRewards begins
highVolumeTrackLocation: Time Elapsed: 199 seconds.
17:35:57.818 [Test worker] INFO tourGuide.service.TourGuideService - TestMode enabled
17:35:57.819 [Test worker] DEBUG tourGuide.service.TourGuideService - Initializing users
17:36:00.002 [Test worker] DEBUG tourGuide.service.TourGuideService - Created 100000 internal test users.
17:36:00.002 [Test worker] DEBUG tourGuide.service.TourGuideService - Finished initializing users
17:36:00.017 [pool-4-thread-1] DEBUG tourGuide.tracker.Tracker - Begin Tracker. Tracking 100000 users.
17:36:00.098 [Test worker] INFO tourGuide.service.RewardsService - Multithreading calculateSeveralRewards begins
highVolumeGetRewards: Time Elapsed: 516 seconds.
]]></system-out>
  <system-err><![CDATA[Mar 29, 2022 5:32:35 PM org.javamoney.moneta.DefaultMonetaryContextFactory createMonetaryContextNonNullConfig
INFO: Using custom MathContext: precision=256, roundingMode=HALF_EVEN
]]></system-err>
</testsuite>
